# JRE version: Java(TM) SE Runtime Environment (13.0.1+9) (build 13.0.1+9)
# Java VM: Java HotSpot(TM) 64-Bit Server VM (13.0.1+9, mixed mode, sharing, tiered, compressed oops, g1 gc, windows-amd64)
Heap:
 garbage-first heap   total 86016K, used 24536K [0x0000000081e00000, 0x0000000100000000)
  region size 1024K, 1 young (1024K), 1 survivors (1024K)
 Metaspace       used 50232K, capacity 51701K, committed 51832K, reserved 1101824K
  class space    used 6962K, capacity 7533K, committed 7628K, reserved 1048576K
GC Heap History (20 events):
Event: 2509.343 GC heap before
{Heap before GC invocations=19 (full 0):
 garbage-first heap   total 86016K, used 60016K [0x0000000081e00000, 0x0000000100000000)
  region size 1024K, 38 young (38912K), 3 survivors (3072K)
 Metaspace       used 50226K, capacity 51698K, committed 51832K, reserved 1093632K
  class space    used 6960K, capacity 7532K, committed 7628K, reserved 1048576K
}
Event: 2509.349 GC heap after
{Heap after GC invocations=20 (full 0):
 garbage-first heap   total 86016K, used 24662K [0x0000000081e00000, 0x0000000100000000)
  region size 1024K, 4 young (4096K), 4 survivors (4096K)
 Metaspace       used 50226K, capacity 51698K, committed 51832K, reserved 1093632K
  class space    used 6960K, capacity 7532K, committed 7628K, reserved 1048576K
}
Event: 4044.492 GC heap before
{Heap before GC invocations=20 (full 0):
 garbage-first heap   total 86016K, used 61526K [0x0000000081e00000, 0x0000000100000000)
  region size 1024K, 40 young (40960K), 4 survivors (4096K)
 Metaspace       used 50226K, capacity 51698K, committed 51832K, reserved 1093632K
  class space    used 6960K, capacity 7532K, committed 7628K, reserved 1048576K
}
Event: 4044.505 GC heap after
{Heap after GC invocations=21 (full 0):
 garbage-first heap   total 86016K, used 25239K [0x0000000081e00000, 0x0000000100000000)
  region size 1024K, 2 young (2048K), 2 survivors (2048K)
 Metaspace       used 50226K, capacity 51698K, committed 51832K, reserved 1093632K
  class space    used 6960K, capacity 7532K, committed 7628K, reserved 1048576K
}
Event: 5614.630 GC heap before
{Heap before GC invocations=21 (full 0):
 garbage-first heap   total 86016K, used 63127K [0x0000000081e00000, 0x0000000100000000)
  region size 1024K, 39 young (39936K), 2 survivors (2048K)
 Metaspace       used 50226K, capacity 51698K, committed 51832K, reserved 1093632K
  class space    used 6960K, capacity 7532K, committed 7628K, reserved 1048576K
}
Event: 5614.637 GC heap after
{Heap after GC invocations=22 (full 0):
 garbage-first heap   total 86016K, used 25141K [0x0000000081e00000, 0x0000000100000000)
  region size 1024K, 2 young (2048K), 2 survivors (2048K)
 Metaspace       used 50226K, capacity 51698K, committed 51832K, reserved 1093632K
  class space    used 6960K, capacity 7532K, committed 7628K, reserved 1048576K
}
Event: 15655.979 GC heap before
{Heap before GC invocations=22 (full 0):
 garbage-first heap   total 86016K, used 64053K [0x0000000081e00000, 0x0000000100000000)
  region size 1024K, 40 young (40960K), 2 survivors (2048K)
 Metaspace       used 50227K, capacity 51698K, committed 51832K, reserved 1093632K
  class space    used 6960K, capacity 7532K, committed 7628K, reserved 1048576K
}
Event: 15655.990 GC heap after
{Heap after GC invocations=23 (full 0):
 garbage-first heap   total 86016K, used 25084K [0x0000000081e00000, 0x0000000100000000)
  region size 1024K, 2 young (2048K), 2 survivors (2048K)
 Metaspace       used 50227K, capacity 51698K, committed 51832K, reserved 1093632K
  class space    used 6960K, capacity 7532K, committed 7628K, reserved 1048576K
}
Event: 17325.163 GC heap before
{Heap before GC invocations=23 (full 0):
 garbage-first heap   total 86016K, used 63996K [0x0000000081e00000, 0x0000000100000000)
  region size 1024K, 41 young (41984K), 2 survivors (2048K)
 Metaspace       used 50227K, capacity 51698K, committed 51832K, reserved 1093632K
  class space    used 6960K, capacity 7532K, committed 7628K, reserved 1048576K
}
Event: 17325.178 GC heap after
{Heap after GC invocations=24 (full 0):
 garbage-first heap   total 86016K, used 25026K [0x0000000081e00000, 0x0000000100000000)
  region size 1024K, 2 young (2048K), 2 survivors (2048K)
 Metaspace       used 50227K, capacity 51698K, committed 51832K, reserved 1093632K
  class space    used 6960K, capacity 7532K, committed 7628K, reserved 1048576K
}
Event: 19086.827 GC heap before
{Heap before GC invocations=24 (full 0):
 garbage-first heap   total 86016K, used 67010K [0x0000000081e00000, 0x0000000100000000)
  region size 1024K, 43 young (44032K), 2 survivors (2048K)
 Metaspace       used 50227K, capacity 51698K, committed 51832K, reserved 1093632K
  class space    used 6960K, capacity 7532K, committed 7628K, reserved 1048576K
}
Event: 19086.845 GC heap after
{Heap after GC invocations=25 (full 0):
 garbage-first heap   total 86016K, used 25043K [0x0000000081e00000, 0x0000000100000000)
  region size 1024K, 2 young (2048K), 2 survivors (2048K)
 Metaspace       used 50227K, capacity 51698K, committed 51832K, reserved 1093632K
  class space    used 6960K, capacity 7532K, committed 7628K, reserved 1048576K
}
Event: 20868.479 GC heap before
{Heap before GC invocations=25 (full 0):
 garbage-first heap   total 86016K, used 68051K [0x0000000081e00000, 0x0000000100000000)
  region size 1024K, 44 young (45056K), 2 survivors (2048K)
 Metaspace       used 50227K, capacity 51698K, committed 51832K, reserved 1093632K
  class space    used 6960K, capacity 7532K, committed 7628K, reserved 1048576K
}
Event: 20868.494 GC heap after
{Heap after GC invocations=26 (full 0):
 garbage-first heap   total 86016K, used 25023K [0x0000000081e00000, 0x0000000100000000)
  region size 1024K, 2 young (2048K), 2 survivors (2048K)
 Metaspace       used 50227K, capacity 51698K, committed 51832K, reserved 1093632K
  class space    used 6960K, capacity 7532K, committed 7628K, reserved 1048576K
}
Event: 22666.742 GC heap before
{Heap before GC invocations=26 (full 0):
 garbage-first heap   total 86016K, used 69055K [0x0000000081e00000, 0x0000000100000000)
  region size 1024K, 45 young (46080K), 2 survivors (2048K)
 Metaspace       used 50227K, capacity 51698K, committed 51832K, reserved 1093632K
  class space    used 6960K, capacity 7532K, committed 7628K, reserved 1048576K
}
Event: 22666.749 GC heap after
{Heap after GC invocations=27 (full 0):
 garbage-first heap   total 86016K, used 25001K [0x0000000081e00000, 0x0000000100000000)
  region size 1024K, 2 young (2048K), 2 survivors (2048K)
 Metaspace       used 50227K, capacity 51698K, committed 51832K, reserved 1093632K
  class space    used 6960K, capacity 7532K, committed 7628K, reserved 1048576K
}
Event: 24457.076 GC heap before
{Heap before GC invocations=27 (full 0):
 garbage-first heap   total 86016K, used 69033K [0x0000000081e00000, 0x0000000100000000)
  region size 1024K, 45 young (46080K), 2 survivors (2048K)
 Metaspace       used 50227K, capacity 51698K, committed 51832K, reserved 1093632K
  class space    used 6960K, capacity 7532K, committed 7628K, reserved 1048576K
}
Event: 24457.083 GC heap after
{Heap after GC invocations=28 (full 0):
 garbage-first heap   total 86016K, used 25051K [0x0000000081e00000, 0x0000000100000000)
  region size 1024K, 2 young (2048K), 2 survivors (2048K)
 Metaspace       used 50227K, capacity 51698K, committed 51832K, reserved 1093632K
  class space    used 6960K, capacity 7532K, committed 7628K, reserved 1048576K
}
Event: 24676.112 GC heap before
{Heap before GC invocations=28 (full 0):
 garbage-first heap   total 86016K, used 29147K [0x0000000081e00000, 0x0000000100000000)
  region size 1024K, 7 young (7168K), 2 survivors (2048K)
 Metaspace       used 50232K, capacity 51701K, committed 51832K, reserved 1099776K
  class space    used 6962K, capacity 7533K, committed 7628K, reserved 1048576K
}
Event: 24676.127 GC heap after
{Heap after GC invocations=29 (full 0):
 garbage-first heap   total 86016K, used 24536K [0x0000000081e00000, 0x0000000100000000)
  region size 1024K, 1 young (1024K), 1 survivors (1024K)
 Metaspace       used 50232K, capacity 51701K, committed 51832K, reserved 1099776K
  class space    used 6962K, capacity 7533K, committed 7628K, reserved 1048576K
}

